<?xml version="1.0" encoding="UTF-8"?>
<!-- Generated by org.testng.reporters.JUnitXMLReporter -->
<testsuite hostname="DESKTOP-6VL0V6I" ignored="3" name="Test" tests="1" failures="0" timestamp="03 Jul 2019 20:00:17 GMT" time="8.878" errors="0">
  <testcase name="checkDuplicates" time="6.161" classname="Rest_HTTP_test_case.Contact_Object"/>
  <testcase name="Create_ContactObjects" time="0.0" classname="Rest_HTTP_test_case.Contact_Object">
    <ignored/>
  </testcase> <!-- Create_ContactObjects -->
  <testcase name="Delete_ContactObject" time="0.0" classname="Rest_HTTP_test_case.Contact_Object">
    <ignored/>
  </testcase> <!-- Delete_ContactObject -->
  <testcase name="Update_ContactObjects" time="0.0" classname="Rest_HTTP_test_case.Contact_Object">
    <ignored/>
  </testcase> <!-- Update_ContactObjects -->
</testsuite> <!-- Test -->
