<?xml version="1.0" encoding="UTF-8"?>
<!-- Generated by org.testng.reporters.JUnitXMLReporter -->
<testsuite hostname="DESKTOP-6VL0V6I" ignored="1" name="Test" tests="2" failures="0" timestamp="02 Jul 2019 19:54:40 GMT" time="8.66" errors="0">
  <testcase name="Create_ContactObjects" time="2.103" classname="Rest_HTTP_test_case.Contact_Object"/>
  <testcase name="Update_ContactObjects" time="2.812" classname="Rest_HTTP_test_case.Contact_Object"/>
  <testcase name="Delete_ContactObject" time="0.0" classname="Rest_HTTP_test_case.Contact_Object">
    <ignored/>
  </testcase> <!-- Delete_ContactObject -->
</testsuite> <!-- Test -->
