-------------------------------------------------------------------------------
Test set: Rest_HTTP_test_case.Contact_Object
-------------------------------------------------------------------------------
Tests run: 1, Failures: 1, Errors: 0, Skipped: 0, Time elapsed: 4.85 sec <<< FAILURE!
Update_ContactObjects(Rest_HTTP_test_case.Contact_Object)  Time elapsed: 1.871 sec  <<< FAILURE!
org.json.JSONException: JSONObject["records"] not found.
	at org.json.JSONObject.get(JSONObject.java:566)
	at org.json.JSONObject.getJSONArray(JSONObject.java:760)
	at Rest_HTTP_test_case.Contact_Object.Update_ContactObjects(Contact_Object.java:124)

