<?xml version="1.0" encoding="UTF-8"?>
<!-- Generated by org.testng.reporters.JUnitXMLReporter -->
<testsuite hostname="DESKTOP-6VL0V6I" ignored="0" name="Command line test" tests="2" failures="0" timestamp="26 Jun 2019 21:45:48 GMT" time="4.64" errors="0">
  <testcase name="Create_ContactObjects" time="2.184" classname="Rest_HTTP_test_case.Contact_Object"/>
  <testcase name="Update_ContactObjects" time="0.0" classname="Rest_HTTP_test_case.Contact_Object"/>
</testsuite> <!-- Command line test -->
