<?xml version="1.0" encoding="UTF-8"?>
<!-- Generated by org.testng.reporters.JUnitXMLReporter -->
<testsuite hostname="DESKTOP-6VL0V6I" ignored="0" name="Command line test" tests="1" failures="1" timestamp="26 Jun 2019 22:56:26 GMT" time="4.404" errors="0">
  <testcase name="Update_ContactObjects" time="1.849" classname="Rest_HTTP_test_case.Contact_Object">
    <failure type="org.json.JSONException" message="JSONObject[&amp;quot;records&amp;quot;] not found.">
      <![CDATA[org.json.JSONException: JSONObject["records"] not found.
at org.json.JSONObject.get(JSONObject.java:566)
at org.json.JSONObject.getJSONArray(JSONObject.java:760)
at Rest_HTTP_test_case.Contact_Object.Update_ContactObjects(Contact_Object.java:124)
... Removed 34 stack frames]]>
    </failure>
  </testcase> <!-- Update_ContactObjects -->
</testsuite> <!-- Command line test -->
