<?xml version="1.0" encoding="UTF-8"?>
<testng-results skipped="0" failed="0" ignored="0" total="1" passed="1">
  <reporter-output>
  </reporter-output>
  <suite name="Default suite" duration-ms="3976" started-at="2019-06-25T00:09:14Z" finished-at="2019-06-25T00:09:18Z">
    <groups>
    </groups>
    <test name="Default test" duration-ms="3976" started-at="2019-06-25T00:09:14Z" finished-at="2019-06-25T00:09:18Z">
      <class name="Rest_HTTP_test_case.Contact_Object">
        <test-method status="PASS" signature="getConnection()[pri:0, instance:Rest_HTTP_test_case.Contact_Object@523884b2]" name="getConnection" is-config="true" duration-ms="3960" started-at="2019-06-25T00:09:14Z" finished-at="2019-06-25T00:09:18Z">
          <reporter-output>
          </reporter-output>
        </test-method> <!-- getConnection -->
        <test-method status="PASS" signature="contactObjects()[pri:0, instance:Rest_HTTP_test_case.Contact_Object@523884b2]" name="contactObjects" duration-ms="4" started-at="2019-06-25T00:09:18Z" finished-at="2019-06-25T00:09:18Z">
          <reporter-output>
          </reporter-output>
        </test-method> <!-- contactObjects -->
      </class> <!-- Rest_HTTP_test_case.Contact_Object -->
    </test> <!-- Default test -->
  </suite> <!-- Default suite -->
</testng-results>
